<?xml version="1.0" encoding="UTF-8"?>
<!-- Generated by org.testng.reporters.JUnitReportReporter -->
<testsuite hostname="DESKTOP-Q1QFVED" failures="0" tests="2" name="com.learn.Automation.tmb.tests.AcountPINTest" time="18.225" errors="0" timestamp="2022-07-27T01:34:21 IST" skipped="0">
  <testcase classname="com.learn.Automation.tmb.tests.AcountPINTest" name="stop" time="6.456"/>
  <system-out/>
  <testcase classname="com.learn.Automation.tmb.tests.AcountPINTest" name="accountpinpagetest" time="11.769"/>
  <system-out/>
</testsuite> <!-- com.learn.Automation.tmb.tests.AcountPINTest -->
